# JRE version: OpenJDK Runtime Environment (8.0_76-b03) (build 1.8.0_76-release-b03)
# Java VM: OpenJDK 64-Bit Server VM (25.76-b03 mixed mode windows-amd64 compressed oops)
Heap:
 PSYoungGen      total 380928K, used 102601K [0x00000000e0000000, 0x0000000100000000, 0x0000000100000000)
  eden space 264192K, 38% used [0x00000000e0000000,0x00000000e6432788,0x00000000f0200000)
  from space 116736K, 0% used [0x00000000f8e00000,0x00000000f8e00000,0x0000000100000000)
  to   space 130048K, 0% used [0x00000000f0200000,0x00000000f0200000,0x00000000f8100000)
 ParOldGen       total 1048576K, used 95545K [0x00000000a0000000, 0x00000000e0000000, 0x00000000e0000000)
  object space 1048576K, 9% used [0x00000000a0000000,0x00000000a5d4e598,0x00000000e0000000)
 Metaspace       used 105253K, capacity 109912K, committed 111152K, reserved 1146880K
  class space    used 12833K, capacity 13593K, committed 13872K, reserved 1048576K
GC Heap History (10 events):
Event: 8118.587 GC heap before
{Heap before GC invocations=186 (full 19):
 PSYoungGen      total 376320K, used 324141K [0x00000000e0000000, 0x00000000fd580000, 0x0000000100000000)
  eden space 286208K, 100% used [0x00000000e0000000,0x00000000f1780000,0x00000000f1780000)
  from space 90112K, 42% used [0x00000000f7d80000,0x00000000fa28b7e8,0x00000000fd580000)
  to   space 97280K, 0% used [0x00000000f1780000,0x00000000f1780000,0x00000000f7680000)
 ParOldGen       total 1048576K, used 936857K [0x00000000a0000000, 0x00000000e0000000, 0x00000000e0000000)
  object space 1048576K, 89% used [0x00000000a0000000,0x00000000d92e66e0,0x00000000e0000000)
 Metaspace       used 105030K, capacity 109542K, committed 111152K, reserved 1146880K
  class space    used 12810K, capacity 13560K, committed 13872K, reserved 1048576K
Event: 8118.669 GC heap after
Heap after GC invocations=186 (full 19):
 PSYoungGen      total 383488K, used 41039K [0x00000000e0000000, 0x00000000fea00000, 0x0000000100000000)
  eden space 286208K, 0% used [0x00000000e0000000,0x00000000e0000000,0x00000000f1780000)
  from space 97280K, 42% used [0x00000000f1780000,0x00000000f3f93c50,0x00000000f7680000)
  to   space 92672K, 0% used [0x00000000f8f80000,0x00000000f8f80000,0x00000000fea00000)
 ParOldGen       total 1048576K, used 972865K [0x00000000a0000000, 0x00000000e0000000, 0x00000000e0000000)
  object space 1048576K, 92% used [0x00000000a0000000,0x00000000db610760,0x00000000e0000000)
 Metaspace       used 105030K, capacity 109542K, committed 111152K, reserved 1146880K
  class space    used 12810K, capacity 13560K, committed 13872K, reserved 1048576K
}
Event: 8120.213 GC heap before
{Heap before GC invocations=187 (full 19):
 PSYoungGen      total 383488K, used 327247K [0x00000000e0000000, 0x00000000fea00000, 0x0000000100000000)
  eden space 286208K, 100% used [0x00000000e0000000,0x00000000f1780000,0x00000000f1780000)
  from space 97280K, 42% used [0x00000000f1780000,0x00000000f3f93c50,0x00000000f7680000)
  to   space 92672K, 0% used [0x00000000f8f80000,0x00000000f8f80000,0x00000000fea00000)
 ParOldGen       total 1048576K, used 972865K [0x00000000a0000000, 0x00000000e0000000, 0x00000000e0000000)
  object space 1048576K, 92% used [0x00000000a0000000,0x00000000db610760,0x00000000e0000000)
 Metaspace       used 105031K, capacity 109542K, committed 111152K, reserved 1146880K
  class space    used 12810K, capacity 13560K, committed 13872K, reserved 1048576K
Event: 8120.297 GC heap after
Heap after GC invocations=187 (full 19):
 PSYoungGen      total 399360K, used 80801K [0x00000000e0000000, 0x00000000ffa00000, 0x0000000100000000)
  eden space 306688K, 0% used [0x00000000e0000000,0x00000000e0000000,0x00000000f2b80000)
  from space 92672K, 87% used [0x00000000f8f80000,0x00000000fde686c0,0x00000000fea00000)
  to   space 102400K, 0% used [0x00000000f2b80000,0x00000000f2b80000,0x00000000f8f80000)
 ParOldGen       total 1048576K, used 991648K [0x00000000a0000000, 0x00000000e0000000, 0x00000000e0000000)
  object space 1048576K, 94% used [0x00000000a0000000,0x00000000dc868338,0x00000000e0000000)
 Metaspace       used 105031K, capacity 109542K, committed 111152K, reserved 1146880K
  class space    used 12810K, capacity 13560K, committed 13872K, reserved 1048576K
}
Event: 8121.723 GC heap before
{Heap before GC invocations=188 (full 19):
 PSYoungGen      total 399360K, used 386944K [0x00000000e0000000, 0x00000000ffa00000, 0x0000000100000000)
  eden space 306688K, 99% used [0x00000000e0000000,0x00000000f2af7b48,0x00000000f2b80000)
  from space 92672K, 87% used [0x00000000f8f80000,0x00000000fde686c0,0x00000000fea00000)
  to   space 102400K, 0% used [0x00000000f2b80000,0x00000000f2b80000,0x00000000f8f80000)
 ParOldGen       total 1048576K, used 991648K [0x00000000a0000000, 0x00000000e0000000, 0x00000000e0000000)
  object space 1048576K, 94% used [0x00000000a0000000,0x00000000dc868338,0x00000000e0000000)
 Metaspace       used 105072K, capacity 109558K, committed 111152K, reserved 1146880K
  class space    used 12811K, capacity 13562K, committed 13872K, reserved 1048576K
Event: 8121.790 GC heap after
Heap after GC invocations=188 (full 19):
 PSYoungGen      total 404992K, used 97888K [0x00000000e0000000, 0x0000000100000000, 0x0000000100000000)
  eden space 306688K, 0% used [0x00000000e0000000,0x00000000e0000000,0x00000000f2b80000)
  from space 98304K, 99% used [0x00000000f2b80000,0x00000000f8b18178,0x00000000f8b80000)
  to   space 116736K, 0% used [0x00000000f8e00000,0x00000000f8e00000,0x0000000100000000)
 ParOldGen       total 1048576K, used 991656K [0x00000000a0000000, 0x00000000e0000000, 0x00000000e0000000)
  object space 1048576K, 94% used [0x00000000a0000000,0x00000000dc86a338,0x00000000e0000000)
 Metaspace       used 105072K, capacity 109558K, committed 111152K, reserved 1146880K
  class space    used 12811K, capacity 13562K, committed 13872K, reserved 1048576K
}
Event: 8123.095 GC heap before
{Heap before GC invocations=189 (full 19):
 PSYoungGen      total 404992K, used 378316K [0x00000000e0000000, 0x0000000100000000, 0x0000000100000000)
  eden space 306688K, 91% used [0x00000000e0000000,0x00000000f11daf58,0x00000000f2b80000)
  from space 98304K, 99% used [0x00000000f2b80000,0x00000000f8b18178,0x00000000f8b80000)
  to   space 116736K, 0% used [0x00000000f8e00000,0x00000000f8e00000,0x0000000100000000)
 ParOldGen       total 1048576K, used 991656K [0x00000000a0000000, 0x00000000e0000000, 0x00000000e0000000)
  object space 1048576K, 94% used [0x00000000a0000000,0x00000000dc86a338,0x00000000e0000000)
 Metaspace       used 105096K, capacity 109564K, committed 111152K, reserved 1146880K
  class space    used 12813K, capacity 13563K, committed 13872K, reserved 1048576K
Event: 8123.159 GC heap after
Heap after GC invocations=189 (full 19):
 PSYoungGen      total 380928K, used 102687K [0x00000000e0000000, 0x0000000100000000, 0x0000000100000000)
  eden space 264192K, 0% used [0x00000000e0000000,0x00000000e0000000,0x00000000f0200000)
  from space 116736K, 87% used [0x00000000f8e00000,0x00000000ff247cb0,0x0000000100000000)
  to   space 130048K, 0% used [0x00000000f0200000,0x00000000f0200000,0x00000000f8100000)
 ParOldGen       total 1048576K, used 991664K [0x00000000a0000000, 0x00000000e0000000, 0x00000000e0000000)
  object space 1048576K, 94% used [0x00000000a0000000,0x00000000dc86c338,0x00000000e0000000)
 Metaspace       used 105096K, capacity 109564K, committed 111152K, reserved 1146880K
  class space    used 12813K, capacity 13563K, committed 13872K, reserved 1048576K
}
Event: 8123.159 GC heap before
{Heap before GC invocations=190 (full 20):
 PSYoungGen      total 380928K, used 102687K [0x00000000e0000000, 0x0000000100000000, 0x0000000100000000)
  eden space 264192K, 0% used [0x00000000e0000000,0x00000000e0000000,0x00000000f0200000)
  from space 116736K, 87% used [0x00000000f8e00000,0x00000000ff247cb0,0x0000000100000000)
  to   space 130048K, 0% used [0x00000000f0200000,0x00000000f0200000,0x00000000f8100000)
 ParOldGen       total 1048576K, used 991664K [0x00000000a0000000, 0x00000000e0000000, 0x00000000e0000000)
  object space 1048576K, 94% used [0x00000000a0000000,0x00000000dc86c338,0x00000000e0000000)
 Metaspace       used 105096K, capacity 109564K, committed 111152K, reserved 1146880K
  class space    used 12813K, capacity 13563K, committed 13872K, reserved 1048576K
Event: 8123.402 GC heap after
Heap after GC invocations=190 (full 20):
 PSYoungGen      total 380928K, used 0K [0x00000000e0000000, 0x0000000100000000, 0x0000000100000000)
  eden space 264192K, 0% used [0x00000000e0000000,0x00000000e0000000,0x00000000f0200000)
  from space 116736K, 0% used [0x00000000f8e00000,0x00000000f8e00000,0x0000000100000000)
  to   space 130048K, 0% used [0x00000000f0200000,0x00000000f0200000,0x00000000f8100000)
 ParOldGen       total 1048576K, used 95545K [0x00000000a0000000, 0x00000000e0000000, 0x00000000e0000000)
  object space 1048576K, 9% used [0x00000000a0000000,0x00000000a5d4e598,0x00000000e0000000)
 Metaspace       used 105096K, capacity 109564K, committed 111152K, reserved 1146880K
  class space    used 12813K, capacity 13563K, committed 13872K, reserved 1048576K
}

