# JRE version: OpenJDK Runtime Environment (8.0_76-b03) (build 1.8.0_76-release-b03)
# Java VM: OpenJDK 64-Bit Server VM (25.76-b03 mixed mode windows-amd64 compressed oops)
Heap:
 PSYoungGen      total 443904K, used 52120K [0x00000000e0000000, 0x0000000100000000, 0x0000000100000000)
  eden space 364032K, 0% used [0x00000000e0000000,0x00000000e0000000,0x00000000f6380000)
  from space 79872K, 65% used [0x00000000f6380000,0x00000000f96660a0,0x00000000fb180000)
  to   space 79872K, 0% used [0x00000000fb200000,0x00000000fb200000,0x0000000100000000)
 ParOldGen       total 824832K, used 788734K [0x00000000a0000000, 0x00000000d2580000, 0x00000000e0000000)
  object space 824832K, 95% used [0x00000000a0000000,0x00000000d023fba8,0x00000000d2580000)
 Metaspace       used 81735K, capacity 85244K, committed 86064K, reserved 1124352K
  class space    used 9990K, capacity 10563K, committed 10800K, reserved 1048576K
GC Heap History (10 events):
Event: 15127.616 GC heap after
Heap after GC invocations=280 (full 27):
 PSYoungGen      total 420864K, used 37465K [0x00000000e0000000, 0x00000000ffd80000, 0x0000000100000000)
  eden space 332288K, 0% used [0x00000000e0000000,0x00000000e0000000,0x00000000f4480000)
  from space 88576K, 42% used [0x00000000f4480000,0x00000000f69164e0,0x00000000f9b00000)
  to   space 84480K, 0% used [0x00000000fab00000,0x00000000fab00000,0x00000000ffd80000)
 ParOldGen       total 824832K, used 615525K [0x00000000a0000000, 0x00000000d2580000, 0x00000000e0000000)
  object space 824832K, 74% used [0x00000000a0000000,0x00000000c5919630,0x00000000d2580000)
 Metaspace       used 81734K, capacity 85244K, committed 86064K, reserved 1124352K
  class space    used 9990K, capacity 10563K, committed 10800K, reserved 1048576K
}
Event: 15127.774 GC heap before
{Heap before GC invocations=281 (full 27):
 PSYoungGen      total 420864K, used 369753K [0x00000000e0000000, 0x00000000ffd80000, 0x0000000100000000)
  eden space 332288K, 100% used [0x00000000e0000000,0x00000000f4480000,0x00000000f4480000)
  from space 88576K, 42% used [0x00000000f4480000,0x00000000f69164e0,0x00000000f9b00000)
  to   space 84480K, 0% used [0x00000000fab00000,0x00000000fab00000,0x00000000ffd80000)
 ParOldGen       total 824832K, used 615525K [0x00000000a0000000, 0x00000000d2580000, 0x00000000e0000000)
  object space 824832K, 74% used [0x00000000a0000000,0x00000000c5919630,0x00000000d2580000)
 Metaspace       used 81735K, capacity 85244K, committed 86064K, reserved 1124352K
  class space    used 9990K, capacity 10563K, committed 10800K, reserved 1048576K
Event: 15127.827 GC heap after
Heap after GC invocations=281 (full 27):
 PSYoungGen      total 425984K, used 40428K [0x00000000e0000000, 0x00000000ff400000, 0x0000000100000000)
  eden space 351232K, 0% used [0x00000000e0000000,0x00000000e0000000,0x00000000f5700000)
  from space 74752K, 54% used [0x00000000fab00000,0x00000000fd27b3e0,0x00000000ff400000)
  to   space 80384K, 0% used [0x00000000f5700000,0x00000000f5700000,0x00000000fa580000)
 ParOldGen       total 824832K, used 651873K [0x00000000a0000000, 0x00000000d2580000, 0x00000000e0000000)
  object space 824832K, 79% used [0x00000000a0000000,0x00000000c7c98540,0x00000000d2580000)
 Metaspace       used 81735K, capacity 85244K, committed 86064K, reserved 1124352K
  class space    used 9990K, capacity 10563K, committed 10800K, reserved 1048576K
}
Event: 15127.975 GC heap before
{Heap before GC invocations=282 (full 27):
 PSYoungGen      total 425984K, used 391660K [0x00000000e0000000, 0x00000000ff400000, 0x0000000100000000)
  eden space 351232K, 100% used [0x00000000e0000000,0x00000000f5700000,0x00000000f5700000)
  from space 74752K, 54% used [0x00000000fab00000,0x00000000fd27b3e0,0x00000000ff400000)
  to   space 80384K, 0% used [0x00000000f5700000,0x00000000f5700000,0x00000000fa580000)
 ParOldGen       total 824832K, used 651873K [0x00000000a0000000, 0x00000000d2580000, 0x00000000e0000000)
  object space 824832K, 79% used [0x00000000a0000000,0x00000000c7c98540,0x00000000d2580000)
 Metaspace       used 81735K, capacity 85244K, committed 86064K, reserved 1124352K
  class space    used 9990K, capacity 10563K, committed 10800K, reserved 1048576K
Event: 15128.034 GC heap after
Heap after GC invocations=282 (full 27):
 PSYoungGen      total 431616K, used 49516K [0x00000000e0000000, 0x0000000100000000, 0x0000000100000000)
  eden space 351232K, 0% used [0x00000000e0000000,0x00000000e0000000,0x00000000f5700000)
  from space 80384K, 61% used [0x00000000f5700000,0x00000000f875b1f8,0x00000000fa580000)
  to   space 79872K, 0% used [0x00000000fb200000,0x00000000fb200000,0x0000000100000000)
 ParOldGen       total 824832K, used 690416K [0x00000000a0000000, 0x00000000d2580000, 0x00000000e0000000)
  object space 824832K, 83% used [0x00000000a0000000,0x00000000ca23c3d8,0x00000000d2580000)
 Metaspace       used 81735K, capacity 85244K, committed 86064K, reserved 1124352K
  class space    used 9990K, capacity 10563K, committed 10800K, reserved 1048576K
}
Event: 15128.192 GC heap before
{Heap before GC invocations=283 (full 27):
 PSYoungGen      total 431616K, used 400748K [0x00000000e0000000, 0x0000000100000000, 0x0000000100000000)
  eden space 351232K, 100% used [0x00000000e0000000,0x00000000f5700000,0x00000000f5700000)
  from space 80384K, 61% used [0x00000000f5700000,0x00000000f875b1f8,0x00000000fa580000)
  to   space 79872K, 0% used [0x00000000fb200000,0x00000000fb200000,0x0000000100000000)
 ParOldGen       total 824832K, used 690416K [0x00000000a0000000, 0x00000000d2580000, 0x00000000e0000000)
  object space 824832K, 83% used [0x00000000a0000000,0x00000000ca23c3d8,0x00000000d2580000)
 Metaspace       used 81735K, capacity 85244K, committed 86064K, reserved 1124352K
  class space    used 9990K, capacity 10563K, committed 10800K, reserved 1048576K
Event: 15128.261 GC heap after
Heap after GC invocations=283 (full 27):
 PSYoungGen      total 443392K, used 51780K [0x00000000e0000000, 0x00000000fff80000, 0x0000000100000000)
  eden space 364032K, 0% used [0x00000000e0000000,0x00000000e0000000,0x00000000f6380000)
  from space 79360K, 65% used [0x00000000fb200000,0x00000000fe491050,0x00000000fff80000)
  to   space 79872K, 0% used [0x00000000f6380000,0x00000000f6380000,0x00000000fb180000)
 ParOldGen       total 824832K, used 738748K [0x00000000a0000000, 0x00000000d2580000, 0x00000000e0000000)
  object space 824832K, 89% used [0x00000000a0000000,0x00000000cd16f010,0x00000000d2580000)
 Metaspace       used 81735K, capacity 85244K, committed 86064K, reserved 1124352K
  class space    used 9990K, capacity 10563K, committed 10800K, reserved 1048576K
}
Event: 15128.429 GC heap before
{Heap before GC invocations=284 (full 27):
 PSYoungGen      total 443392K, used 415812K [0x00000000e0000000, 0x00000000fff80000, 0x0000000100000000)
  eden space 364032K, 100% used [0x00000000e0000000,0x00000000f6380000,0x00000000f6380000)
  from space 79360K, 65% used [0x00000000fb200000,0x00000000fe491050,0x00000000fff80000)
  to   space 79872K, 0% used [0x00000000f6380000,0x00000000f6380000,0x00000000fb180000)
 ParOldGen       total 824832K, used 738748K [0x00000000a0000000, 0x00000000d2580000, 0x00000000e0000000)
  object space 824832K, 89% used [0x00000000a0000000,0x00000000cd16f010,0x00000000d2580000)
 Metaspace       used 81735K, capacity 85244K, committed 86064K, reserved 1124352K
  class space    used 9990K, capacity 10563K, committed 10800K, reserved 1048576K
Event: 15128.502 GC heap after
Heap after GC invocations=284 (full 27):
 PSYoungGen      total 443904K, used 52120K [0x00000000e0000000, 0x0000000100000000, 0x0000000100000000)
  eden space 364032K, 0% used [0x00000000e0000000,0x00000000e0000000,0x00000000f6380000)
  from space 79872K, 65% used [0x00000000f6380000,0x00000000f96660a0,0x00000000fb180000)
  to   space 79872K, 0% used [0x00000000fb200000,0x00000000fb200000,0x0000000100000000)
 ParOldGen       total 824832K, used 788734K [0x00000000a0000000, 0x00000000d2580000, 0x00000000e0000000)
  object space 824832K, 95% used [0x00000000a0000000,0x00000000d023fba8,0x00000000d2580000)
 Metaspace       used 81735K, capacity 85244K, committed 86064K, reserved 1124352K
  class space    used 9990K, capacity 10563K, committed 10800K, reserved 1048576K
}
Event: 15128.502 GC heap before
{Heap before GC invocations=285 (full 28):
 PSYoungGen      total 443904K, used 52120K [0x00000000e0000000, 0x0000000100000000, 0x0000000100000000)
  eden space 364032K, 0% used [0x00000000e0000000,0x00000000e0000000,0x00000000f6380000)
  from space 79872K, 65% used [0x00000000f6380000,0x00000000f96660a0,0x00000000fb180000)
  to   space 79872K, 0% used [0x00000000fb200000,0x00000000fb200000,0x0000000100000000)
 ParOldGen       total 824832K, used 788734K [0x00000000a0000000, 0x00000000d2580000, 0x00000000e0000000)
  object space 824832K, 95% used [0x00000000a0000000,0x00000000d023fba8,0x00000000d2580000)
 Metaspace       used 81735K, capacity 85244K, committed 86064K, reserved 1124352K
  class space    used 9990K, capacity 10563K, committed 10800K, reserved 1048576K

